[debug] [2022-11-30T07:50:11.687Z] ----------------------------------------------------------------------
[debug] [2022-11-30T07:50:11.690Z] Command:       C:\Program Files\nodejs\node.exe C:\Users\RESHMA BARVIN\AppData\Roaming\npm\node_modules\firebase-tools\lib\bin\firebase.js init
[debug] [2022-11-30T07:50:11.690Z] CLI Version:   11.16.1
[debug] [2022-11-30T07:50:11.691Z] Platform:      win32
[debug] [2022-11-30T07:50:11.691Z] Node Version:  v16.14.1
[debug] [2022-11-30T07:50:11.692Z] Time:          Wed Nov 30 2022 13:20:11 GMT+0530 (India Standard Time)
[debug] [2022-11-30T07:50:11.692Z] ----------------------------------------------------------------------
[debug] 
[debug] [2022-11-30T07:50:11.702Z] > command requires scopes: ["email","openid","https://www.googleapis.com/auth/cloudplatformprojects.readonly","https://www.googleapis.com/auth/firebase","https://www.googleapis.com/auth/cloud-platform"]
[debug] [2022-11-30T07:50:11.702Z] > authorizing via signed-in user (reshmabarvin347@gmail.com)
[info] 
     ######## #### ########  ######## ########     ###     ######  ########
     ##        ##  ##     ## ##       ##     ##  ##   ##  ##       ##
     ######    ##  ########  ######   ########  #########  ######  ######
     ##        ##  ##    ##  ##       ##     ## ##     ##       ## ##
     ##       #### ##     ## ######## ########  ##     ##  ######  ########

You're about to initialize a Firebase project in this directory:

  C:\Users\RESHMA BARVIN\Desktop\THE BAND

[info] 
=== Project Setup
[info] 
[info] First, let's associate this project directory with a Firebase project.
[info] You can create multiple project aliases by running firebase use --add, 
[info] but for now we'll just set up a default project.
[info] 
[debug] [2022-11-30T07:52:00.325Z] >>> [apiv2][query] GET https://firebase.googleapis.com/v1beta1/projects pageSize=100
[debug] [2022-11-30T07:52:01.095Z] <<< [apiv2][status] GET https://firebase.googleapis.com/v1beta1/projects 200
[debug] [2022-11-30T07:52:01.095Z] <<< [apiv2][body] GET https://firebase.googleapis.com/v1beta1/projects [omitted]
[info] i  Using project the-pakoda-band (THE PAKODA BAND) 
[info] 
=== Hosting Setup
[info] 
[info] Your public directory is the folder (relative to your project directory) that
[info] will contain Hosting assets to be uploaded with firebase deploy. If you
[info] have a build process for your assets, use your build's output directory.
[info] 
[debug] [2022-11-30T07:55:05.339Z] >>> [apiv2][query] GET https://www.gstatic.com/firebasejs/releases.json [none]
[debug] [2022-11-30T07:55:05.513Z] <<< [apiv2][status] GET https://www.gstatic.com/firebasejs/releases.json 200
[debug] [2022-11-30T07:55:05.513Z] <<< [apiv2][body] GET https://www.gstatic.com/firebasejs/releases.json {"current":{"version":"9.14.0","browserURL":"https://www.gstatic.com/firebasejs/9.14.0/firebase.js","packageURL":"https://www.gstatic.com/firebasejs/9.14.0/firebase.tgz"},"live":{"version":"9.14","browserURL":"https://www.gstatic.com/firebasejs/live/9.14/firebase.js","packageURL":"https://www.gstatic.com/firebasejs/live/9.14/firebase.tgz"},"components":{"analytics":"https://www.gstatic.com/firebasejs/9.14.0/firebase-analytics.js","app":"https://www.gstatic.com/firebasejs/9.14.0/firebase-app.js","app-check":"https://www.gstatic.com/firebasejs/9.14.0/firebase-app-check.js","auth":"https://www.gstatic.com/firebasejs/9.14.0/firebase-auth.js","auth/cordova":"https://www.gstatic.com/firebasejs/9.14.0/firebase-auth/cordova.js","auth/react-native":"https://www.gstatic.com/firebasejs/9.14.0/firebase-auth/react-native.js","functions":"https://www.gstatic.com/firebasejs/9.14.0/firebase-functions.js","firestore":"https://www.gstatic.com/firebasejs/9.14.0/firebase-firestore.js","firestore/lite":"https://www.gstatic.com/firebasejs/9.14.0/firebase-firestore/lite.js","installations":"https://www.gstatic.com/firebasejs/9.14.0/firebase-installations.js","storage":"https://www.gstatic.com/firebasejs/9.14.0/firebase-storage.js","performance":"https://www.gstatic.com/firebasejs/9.14.0/firebase-performance.js","remote-config":"https://www.gstatic.com/firebasejs/9.14.0/firebase-remote-config.js","messaging":"https://www.gstatic.com/firebasejs/9.14.0/firebase-messaging.js","messaging/sw":"https://www.gstatic.com/firebasejs/9.14.0/firebase-messaging/sw.js","database":"https://www.gstatic.com/firebasejs/9.14.0/firebase-database.js","firestore.memory":"https://www.gstatic.com/firebasejs/9.14.0/firebase-firestore.memory.js"}}
[info] +  Wrote y/index.html 
[info] 
[info] i  Didn't detect a .git folder. Assuming C:\Users\RESHMA BARVIN\Desktop\THE BAND is the project root. 
[info] i  Authorizing with GitHub to upload your service account to a GitHub repository's secrets store. 
[info] 
[info] Visit this URL on this device to log in:
[info] https://github.com/login/oauth/authorize?client_id=89cf50f02ac6aaed3484&state=143464587&redirect_uri=http%3A%2F%2Flocalhost%3A9005&scope=read%3Auser%20repo%20public_repo
[info] 
[info] Waiting for authentication...
[debug] [2022-11-30T07:55:30.206Z] >>> [apiv2][query] POST https://github.com/login/oauth/access_token [none]
[debug] [2022-11-30T07:55:30.206Z] >>> [apiv2][body] POST https://github.com/login/oauth/access_token [stream]
[debug] [2022-11-30T07:55:30.611Z] <<< [apiv2][status] POST https://github.com/login/oauth/access_token 200
[debug] [2022-11-30T07:55:30.611Z] <<< [apiv2][body] POST https://github.com/login/oauth/access_token {"access_token":"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","token_type":"bearer","scope":"read:user,repo"}
[debug] [2022-11-30T07:55:30.620Z] >>> [apiv2][query] GET https://api.github.com/user [none]
[debug] [2022-11-30T07:55:31.032Z] <<< [apiv2][status] GET https://api.github.com/user 200
[debug] [2022-11-30T07:55:31.032Z] <<< [apiv2][body] GET https://api.github.com/user {"login":"resgg","id":66782453,"node_id":"MDQ6VXNlcjY2NzgyNDUz","avatar_url":"https://avatars.githubusercontent.com/u/66782453?v=4","gravatar_id":"","url":"https://api.github.com/users/resgg","html_url":"https://github.com/resgg","followers_url":"https://api.github.com/users/resgg/followers","following_url":"https://api.github.com/users/resgg/following{/other_user}","gists_url":"https://api.github.com/users/resgg/gists{/gist_id}","starred_url":"https://api.github.com/users/resgg/starred{/owner}{/repo}","subscriptions_url":"https://api.github.com/users/resgg/subscriptions","organizations_url":"https://api.github.com/users/resgg/orgs","repos_url":"https://api.github.com/users/resgg/repos","events_url":"https://api.github.com/users/resgg/events{/privacy}","received_events_url":"https://api.github.com/users/resgg/received_events","type":"User","site_admin":false,"name":"Reshma barvin","company":null,"blog":"","location":null,"email":null,"hireable":null,"bio":null,"twitter_username":null,"public_repos":14,"public_gists":0,"followers":2,"following":0,"created_at":"2020-06-11T12:10:46Z","updated_at":"2022-11-30T07:55:09Z","private_gists":0,"total_private_repos":0,"owned_private_repos":0,"disk_usage":36224,"collaborators":0,"two_factor_authentication":false,"plan":{"name":"pro","space":976562499,"collaborators":0,"private_repos":9999}}
[info] 
[info] +  Success! Logged into GitHub as resgg 
[info] 
[debug] [2022-11-30T07:55:52.936Z] >>> [apiv2][query] GET https://api.github.com/repos/user/actions/secrets/public-key type=owner
[debug] [2022-11-30T07:55:53.275Z] <<< [apiv2][status] GET https://api.github.com/repos/user/actions/secrets/public-key 404
[debug] [2022-11-30T07:55:53.275Z] <<< [apiv2][body] GET https://api.github.com/repos/user/actions/secrets/public-key {"message":"Not Found","documentation_url":"https://docs.github.com/rest"}
[debug] [2022-11-30T07:57:08.074Z] >>> [apiv2][query] GET https://api.github.com/repos/resgg/actions/secrets/public-key type=owner
[debug] [2022-11-30T07:57:08.417Z] <<< [apiv2][status] GET https://api.github.com/repos/resgg/actions/secrets/public-key 404
[debug] [2022-11-30T07:57:08.418Z] <<< [apiv2][body] GET https://api.github.com/repos/resgg/actions/secrets/public-key {"message":"Not Found","documentation_url":"https://docs.github.com/rest"}
[debug] [2022-11-30T07:57:14.910Z] >>> [apiv2][query] GET https://api.github.com/repos/resgg/actions/secrets/public-key type=owner
[debug] [2022-11-30T07:57:15.245Z] <<< [apiv2][status] GET https://api.github.com/repos/resgg/actions/secrets/public-key 404
[debug] [2022-11-30T07:57:15.245Z] <<< [apiv2][body] GET https://api.github.com/repos/resgg/actions/secrets/public-key {"message":"Not Found","documentation_url":"https://docs.github.com/rest"}
[debug] [2022-11-30T07:57:22.487Z] >>> [apiv2][query] GET https://api.github.com/repos/user/actions/secrets/public-key type=owner
[debug] [2022-11-30T07:57:22.844Z] <<< [apiv2][status] GET https://api.github.com/repos/user/actions/secrets/public-key 404
[debug] [2022-11-30T07:57:22.844Z] <<< [apiv2][body] GET https://api.github.com/repos/user/actions/secrets/public-key {"message":"Not Found","documentation_url":"https://docs.github.com/rest"}
[debug] [2022-11-30T07:58:04.804Z] >>> [apiv2][query] GET https://api.github.com/repos/k/actions/secrets/public-key type=owner
[debug] [2022-11-30T07:58:05.142Z] <<< [apiv2][status] GET https://api.github.com/repos/k/actions/secrets/public-key 404
[debug] [2022-11-30T07:58:05.142Z] <<< [apiv2][body] GET https://api.github.com/repos/k/actions/secrets/public-key {"message":"Not Found","documentation_url":"https://docs.github.com/rest"}
[debug] [2022-11-30T07:58:10.616Z] >>> [apiv2][query] GET https://api.github.com/repos//actions/secrets/public-key type=owner
[debug] [2022-11-30T07:58:10.939Z] <<< [apiv2][status] GET https://api.github.com/repos//actions/secrets/public-key 404
[debug] [2022-11-30T07:58:10.939Z] <<< [apiv2][body] GET https://api.github.com/repos//actions/secrets/public-key {"message":"Not Found","documentation_url":"https://docs.github.com/rest"}
[debug] [2022-11-30T07:58:39.347Z] >>> [apiv2][query] GET https://api.github.com/repos/yes/actions/secrets/public-key type=owner
[debug] [2022-11-30T07:58:39.677Z] <<< [apiv2][status] GET https://api.github.com/repos/yes/actions/secrets/public-key 404
[debug] [2022-11-30T07:58:39.677Z] <<< [apiv2][body] GET https://api.github.com/repos/yes/actions/secrets/public-key {"message":"Not Found","documentation_url":"https://docs.github.com/rest"}
[debug] [2022-11-30T07:58:49.992Z] >>> [apiv2][query] GET https://api.github.com/repos/user/repository/actions/secrets/public-key type=owner
[debug] [2022-11-30T07:58:50.320Z] <<< [apiv2][status] GET https://api.github.com/repos/user/repository/actions/secrets/public-key 404
[debug] [2022-11-30T07:58:50.320Z] <<< [apiv2][body] GET https://api.github.com/repos/user/repository/actions/secrets/public-key {"message":"Not Found","documentation_url":"https://docs.github.com/rest/reference/actions#get-a-repository-public-key"}
[debug] [2022-11-30T08:00:17.083Z] >>> [apiv2][query] GET https://api.github.com/repos/resgg/hello/actions/secrets/public-key type=owner
[debug] [2022-11-30T08:00:17.434Z] <<< [apiv2][status] GET https://api.github.com/repos/resgg/hello/actions/secrets/public-key 404
[debug] [2022-11-30T08:00:17.434Z] <<< [apiv2][body] GET https://api.github.com/repos/resgg/hello/actions/secrets/public-key {"message":"Not Found","documentation_url":"https://docs.github.com/rest/reference/actions#get-a-repository-public-key"}
[debug] [2022-11-30T08:01:17.456Z] ----------------------------------------------------------------------
[debug] [2022-11-30T08:01:17.458Z] Command:       C:\Program Files\nodejs\node.exe C:\Users\RESHMA BARVIN\AppData\Roaming\npm\node_modules\firebase-tools\lib\bin\firebase.js init
[debug] [2022-11-30T08:01:17.459Z] CLI Version:   11.16.1
[debug] [2022-11-30T08:01:17.459Z] Platform:      win32
[debug] [2022-11-30T08:01:17.459Z] Node Version:  v16.14.1
[debug] [2022-11-30T08:01:17.460Z] Time:          Wed Nov 30 2022 13:31:17 GMT+0530 (India Standard Time)
[debug] [2022-11-30T08:01:17.461Z] ----------------------------------------------------------------------
[debug] 
[debug] [2022-11-30T08:01:17.469Z] > command requires scopes: ["email","openid","https://www.googleapis.com/auth/cloudplatformprojects.readonly","https://www.googleapis.com/auth/firebase","https://www.googleapis.com/auth/cloud-platform"]
[debug] [2022-11-30T08:01:17.470Z] > authorizing via signed-in user (reshmabarvin347@gmail.com)
[info] 
     ######## #### ########  ######## ########     ###     ######  ########
     ##        ##  ##     ## ##       ##     ##  ##   ##  ##       ##
     ######    ##  ########  ######   ########  #########  ######  ######
     ##        ##  ##    ##  ##       ##     ## ##     ##       ## ##
     ##       #### ##     ## ######## ########  ##     ##  ######  ########

You're about to initialize a Firebase project in this directory:

  C:\Users\RESHMA BARVIN\Desktop\THE BAND

